-------------------------------------------------------------------------------
Test set: guru.springframework.jbgpetclinic.JbgPetclinicApplicationTests
-------------------------------------------------------------------------------
Tests run: 1, Failures: 0, Errors: 1, Skipped: 0, Time elapsed: 9.837 s <<< FAILURE! - in guru.springframework.jbgpetclinic.JbgPetclinicApplicationTests
contextLoads(guru.springframework.jbgpetclinic.JbgPetclinicApplicationTests)  Time elapsed: 0.047 s  <<< ERROR!
java.lang.IllegalStateException: Failed to load ApplicationContext
Caused by: org.springframework.beans.factory.BeanCreationException: Error creating bean with name 'requestMappingHandlerAdapter' defined in class path resource [org/springframework/boot/autoconfigure/web/servlet/WebMvcAutoConfiguration$EnableWebMvcConfiguration.class]: Bean instantiation via factory method failed; nested exception is org.springframework.beans.BeanInstantiationException: Failed to instantiate [org.springframework.web.servlet.mvc.method.annotation.RequestMappingHandlerAdapter]: Factory method 'requestMappingHandlerAdapter' threw exception; nested exception is org.springframework.beans.factory.BeanCreationException: Error creating bean with name 'mvcConversionService' defined in class path resource [org/springframework/boot/autoconfigure/web/servlet/WebMvcAutoConfiguration$EnableWebMvcConfiguration.class]: Bean instantiation via factory method failed; nested exception is org.springframework.beans.BeanInstantiationException: Failed to instantiate [org.springframework.format.support.FormattingConversionService]: Factory method 'mvcConversionService' threw exception; nested exception is org.springframework.beans.factory.BeanCreationException: Error creating bean with name 'ownerService': Invocation of init method failed; nested exception is java.lang.IllegalArgumentException: Not a managed type: class guru.springframework.jbgpetclinic.model.Owner
Caused by: org.springframework.beans.BeanInstantiationException: Failed to instantiate [org.springframework.web.servlet.mvc.method.annotation.RequestMappingHandlerAdapter]: Factory method 'requestMappingHandlerAdapter' threw exception; nested exception is org.springframework.beans.factory.BeanCreationException: Error creating bean with name 'mvcConversionService' defined in class path resource [org/springframework/boot/autoconfigure/web/servlet/WebMvcAutoConfiguration$EnableWebMvcConfiguration.class]: Bean instantiation via factory method failed; nested exception is org.springframework.beans.BeanInstantiationException: Failed to instantiate [org.springframework.format.support.FormattingConversionService]: Factory method 'mvcConversionService' threw exception; nested exception is org.springframework.beans.factory.BeanCreationException: Error creating bean with name 'ownerService': Invocation of init method failed; nested exception is java.lang.IllegalArgumentException: Not a managed type: class guru.springframework.jbgpetclinic.model.Owner
Caused by: org.springframework.beans.factory.BeanCreationException: Error creating bean with name 'mvcConversionService' defined in class path resource [org/springframework/boot/autoconfigure/web/servlet/WebMvcAutoConfiguration$EnableWebMvcConfiguration.class]: Bean instantiation via factory method failed; nested exception is org.springframework.beans.BeanInstantiationException: Failed to instantiate [org.springframework.format.support.FormattingConversionService]: Factory method 'mvcConversionService' threw exception; nested exception is org.springframework.beans.factory.BeanCreationException: Error creating bean with name 'ownerService': Invocation of init method failed; nested exception is java.lang.IllegalArgumentException: Not a managed type: class guru.springframework.jbgpetclinic.model.Owner
Caused by: org.springframework.beans.BeanInstantiationException: Failed to instantiate [org.springframework.format.support.FormattingConversionService]: Factory method 'mvcConversionService' threw exception; nested exception is org.springframework.beans.factory.BeanCreationException: Error creating bean with name 'ownerService': Invocation of init method failed; nested exception is java.lang.IllegalArgumentException: Not a managed type: class guru.springframework.jbgpetclinic.model.Owner
Caused by: org.springframework.beans.factory.BeanCreationException: Error creating bean with name 'ownerService': Invocation of init method failed; nested exception is java.lang.IllegalArgumentException: Not a managed type: class guru.springframework.jbgpetclinic.model.Owner
Caused by: java.lang.IllegalArgumentException: Not a managed type: class guru.springframework.jbgpetclinic.model.Owner

